Loading training data for 15-11-21b/whitenoise... WARNING:tensorflow:From /home/tyler/lib/anaconda3/lib/python3.6/site-packages/tensorflow/python/keras/_impl/keras/backend.py:1456: calling reduce_sum (from tensorflow.python.ops.math_ops) with keep_dims is deprecated and will be removed in a future version.
Instructions for updating:
keep_dims is deprecated, use keepdims instead
WARNING:tensorflow:From /home/tyler/lib/anaconda3/lib/python3.6/site-packages/tensorflow/python/keras/_impl/keras/backend.py:1557: calling reduce_mean (from tensorflow.python.ops.math_ops) with keep_dims is deprecated and will be removed in a future version.
Instructions for updating:
keep_dims is deprecated, use keepdims instead
2018-02-16 13:34:10.291807: I tensorflow/core/common_runtime/gpu/gpu_device.cc:1105] Found device 0 with properties: 
name: GeForce GTX 1070 major: 6 minor: 1 memoryClockRate(GHz): 1.721
pciBusID: 0000:03:00.0
totalMemory: 7.92GiB freeMemory: 5.21GiB
2018-02-16 13:34:10.291866: I tensorflow/core/common_runtime/gpu/gpu_device.cc:1195] Creating TensorFlow device (/device:GPU:0) -> (device: 0, name: GeForce GTX 1070, pci bus id: 0000:03:00.0, compute capability: 6.1)
Done.
Train on 307573 samples, validate on 1000 samples
Epoch 1/250

  1000/307573 [..............................]  1000/307573 [..............................] - ETA: 25:59 - loss: 24.8434
  2000/307573 [..............................]  2000/307573 [..............................] - ETA: 16:31 - loss: 25.3315
  3000/307573 [..............................]  3000/307573 [..............................] - ETA: 13:16 - loss: 25.6400
  4000/307573 [..............................]  4000/307573 [..............................] - ETA: 11:40 - loss: 25.7289
  5000/307573 [..............................]  5000/307573 [..............................] - ETA: 10:41 - loss: 25.5918
  6000/307573 [..............................]  6000/307573 [..............................] - ETA: 10:02 - loss: 25.5382
  7000/307573 [..............................]  7000/307573 [..............................] - ETA: 9:35 - loss: 25.5469 
  8000/307573 [..............................]  8000/307573 [..............................] - ETA: 9:14 - loss: 25.2839
  9000/307573 [..............................]  9000/307573 [..............................] - ETA: 8:56 - loss: 25.1424
 10000/307573 [..............................] 10000/307573 [..............................] - ETA: 8:38 - loss: 25.2314
 11000/307573 [>.............................] 11000/307573 [>.............................] - ETA: 8:27 - loss: 25.3555
 12000/307573 [>.............................] 12000/307573 [>.............................] - ETA: 8:17 - loss: 25.4139
 13000/307573 [>.............................] 13000/307573 [>.............................] - ETA: 8:09 - loss: 25.3709
 14000/307573 [>.............................] 14000/307573 [>.............................] - ETA: 8:02 - loss: 25.3069
 15000/307573 [>.............................] 15000/307573 [>.............................] - ETA: 7:55 - loss: 25.3396
 16000/307573 [>.............................] 16000/307573 [>.............................] - ETA: 7:49 - loss: 25.4698
 17000/307573 [>.............................] 17000/307573 [>.............................] - ETA: 10:05 - loss: 25.5756
 18000/307573 [>.............................] 18000/307573 [>.............................] - ETA: 13:12 - loss: 25.4755
 19000/307573 [>.............................] 19000/307573 [>.............................] - ETA: 15:57 - loss: 25.5281
 20000/307573 [>.............................] 20000/307573 [>.............................] - ETA: 18:04 - loss: 25.5310
 21000/307573 [=>............................] 21000/307573 [=>............................] - ETA: 19:40 - loss: 25.4571
 22000/307573 [=>............................] 22000/307573 [=>............................] - ETA: 20:54 - loss: 25.4262
 23000/307573 [=>............................] 23000/307573 [=>............................] - ETA: 22:00 - loss: 25.4544
 24000/307573 [=>............................] 24000/307573 [=>............................] - ETA: 23:39 - loss: 25.5362
 25000/307573 [=>............................] 25000/307573 [=>............................] - ETA: 25:16 - loss: 25.6611
 26000/307573 [=>............................] 26000/307573 [=>............................] - ETA: 26:49 - loss: 25.6071
 27000/307573 [=>............................] 27000/307573 [=>............................] - ETA: 27:25 - loss: 25.6681
 28000/307573 [=>............................] 28000/307573 [=>............................] - ETA: 27:52 - loss: 25.7273
 29000/307573 [=>............................] 29000/307573 [=>............................] - ETA: 29:02 - loss: 25.6636
 30000/307573 [=>............................] 30000/307573 [=>............................] - ETA: 30:07 - loss: 25.6042
 31000/307573 [==>...........................] 31000/307573 [==>...........................] - ETA: 31:00 - loss: 25.5781
 32000/307573 [==>...........................] 32000/307573 [==>...........................] - ETA: 31:51 - loss: 25.5723
 33000/307573 [==>...........................] 33000/307573 [==>...........................] - ETA: 32:06 - loss: 25.5948
 34000/307573 [==>...........................] 34000/307573 [==>...........................] - ETA: 32:18 - loss: 25.5705
 35000/307573 [==>...........................] 35000/307573 [==>...........................] - ETA: 33:04 - loss: 25.6097
 36000/307573 [==>...........................] 36000/307573 [==>...........................] - ETA: 33:46 - loss: 25.6441
 37000/307573 [==>...........................] 37000/307573 [==>...........................] - ETA: 34:25 - loss: 25.6413
 38000/307573 [==>...........................] 38000/307573 [==>...........................] - ETA: 35:02 - loss: 25.6058
 39000/307573 [==>...........................] 39000/307573 [==>...........................] - ETA: 35:02 - loss: 25.6237
 40000/307573 [==>...........................] 40000/307573 [==>...........................] - ETA: 35:02 - loss: 25.6337
 41000/307573 [==>...........................] 41000/307573 [==>...........................] - ETA: 35:31 - loss: 25.6672
 42000/307573 [===>..........................] 42000/307573 [===>..........................] - ETA: 35:57 - loss: 25.6526
 43000/307573 [===>..........................] 43000/307573 [===>..........................] - ETA: 36:19 - loss: 25.6960
 44000/307573 [===>..........................] 44000/307573 [===>..........................] - ETA: 36:42 - loss: 25.6648
 45000/307573 [===>..........................] 45000/307573 [===>..........................] - ETA: 36:35 - loss: 25.6616
 46000/307573 [===>..........................] 46000/307573 [===>..........................] - ETA: 36:29 - loss: 25.6692
 47000/307573 [===>..........................] 47000/307573 [===>..........................] - ETA: 36:46 - loss: 25.6794
 48000/307573 [===>..........................] 48000/307573 [===>..........................] - ETA: 37:02 - loss: 25.6939
 49000/307573 [===>..........................] 49000/307573 [===>..........................] - ETA: 37:17 - loss: 25.7183
 50000/307573 [===>..........................] 50000/307573 [===>..........................] - ETA: 37:31 - loss: 25.7147
 51000/307573 [===>..........................] 51000/307573 [===>..........................] - ETA: 37:07 - loss: 25.7185
 52000/307573 [====>.........................] 52000/307573 [====>.........................] - ETA: 37:00 - loss: 25.7051
 53000/307573 [====>.........................] 53000/307573 [====>.........................] - ETA: 37:20 - loss: 25.6577
 54000/307573 [====>.........................] 54000/307573 [====>.........................] - ETA: 37:34 - loss: 25.6480
 55000/307573 [====>.........................] 55000/307573 [====>.........................] - ETA: 37:42 - loss: 25.6425
 56000/307573 [====>.........................] 56000/307573 [====>.........................] - ETA: 37:53 - loss: 25.6341
 57000/307573 [====>.........................] 57000/307573 [====>.........................] - ETA: 37:49 - loss: 25.6119
 58000/307573 [====>.........................] 58000/307573 [====>.........................] - ETA: 37:38 - loss: 25.5828
 59000/307573 [====>.........................] 59000/307573 [====>.........................] - ETA: 37:43 - loss: 25.6002
 60000/307573 [====>.........................] 60000/307573 [====>.........................] - ETA: 37:34 - loss: 25.5684
 61000/307573 [====>.........................] 61000/307573 [====>.........................] - ETA: 37:41 - loss: 25.5220
 62000/307573 [=====>........................] 62000/307573 [=====>........................] - ETA: 37:48 - loss: 25.5214
 63000/307573 [=====>........................] 63000/307573 [=====>........................] - ETA: 37:40 - loss: 25.5356
 64000/307573 [=====>........................] 64000/307573 [=====>........................] - ETA: 37:31 - loss: 25.5392
 65000/307573 [=====>........................] 65000/307573 [=====>........................] - ETA: 37:38 - loss: 25.5026
 66000/307573 [=====>........................] 66000/307573 [=====>........................] - ETA: 37:46 - loss: 25.4780
 67000/307573 [=====>........................] 67000/307573 [=====>........................] - ETA: 37:54 - loss: 25.4667
 68000/307573 [=====>........................] 68000/307573 [=====>........................] - ETA: 37:56 - loss: 25.4393
 69000/307573 [=====>........................] 69000/307573 [=====>........................] - ETA: 37:44 - loss: 25.4220
 70000/307573 [=====>........................] 70000/307573 [=====>........................] - ETA: 37:32 - loss: 25.4061
 71000/307573 [=====>........................] 71000/307573 [=====>........................] - ETA: 37:35 - loss: 25.4015
 72000/307573 [======>.......................] 72000/307573 [======>.......................] - ETA: 37:36 - loss: 25.3210
 73000/307573 [======>.......................] 73000/307573 [======>.......................] - ETA: 37:37 - loss: 25.2827
 74000/307573 [======>.......................] 74000/307573 [======>.......................] - ETA: 37:39 - loss: 25.2721
 75000/307573 [======>.......................] 75000/307573 [======>.......................] - ETA: 37:29 - loss: 25.2211
 76000/307573 [======>.......................] 76000/307573 [======>.......................] - ETA: 37:18 - loss: 25.1710
 77000/307573 [======>.......................] 77000/307573 [======>.......................] - ETA: 37:18 - loss: 25.1208
 78000/307573 [======>.......................] 78000/307573 [======>.......................] - ETA: 37:17 - loss: 25.0781
 79000/307573 [======>.......................] 79000/307573 [======>.......................] - ETA: 37:16 - loss: 25.0267
 80000/307573 [======>.......................] 80000/307573 [======>.......................] - ETA: 37:14 - loss: 24.9656
 81000/307573 [======>.......................] 81000/307573 [======>.......................] - ETA: 37:02 - loss: 24.9111
 82000/307573 [======>.......................] 82000/307573 [======>.......................] - ETA: 36:49 - loss: 24.8520
 83000/307573 [=======>......................] 83000/307573 [=======>......................] - ETA: 36:46 - loss: 24.7907
 84000/307573 [=======>......................] 84000/307573 [=======>......................] - ETA: 36:46 - loss: 24.7047
 85000/307573 [=======>......................] 85000/307573 [=======>......................] - ETA: 36:44 - loss: 24.6389
 86000/307573 [=======>......................] 86000/307573 [=======>......................] - ETA: 36:41 - loss: 24.5968
 87000/307573 [=======>......................] 87000/307573 [=======>......................] - ETA: 36:29 - loss: 24.5251
 88000/307573 [=======>......................] 88000/307573 [=======>......................] - ETA: 36:17 - loss: 24.4567
 89000/307573 [=======>......................] 89000/307573 [=======>......................] - ETA: 36:14 - loss: 24.3911
 90000/307573 [=======>......................] 90000/307573 [=======>......................] - ETA: 36:13 - loss: 24.3089
 91000/307573 [=======>......................] 91000/307573 [=======>......................] - ETA: 36:01 - loss: 24.2394
 92000/307573 [=======>......................] 92000/307573 [=======>......................] - ETA: 35:53 - loss: 24.1517
 93000/307573 [========>.....................] 93000/307573 [========>.....................] - ETA: 35:46 - loss: 24.0553
 94000/307573 [========>.....................] 94000/307573 [========>.....................] - ETA: 35:37 - loss: 23.9645
 95000/307573 [========>.....................] 95000/307573 [========>.....................] - ETA: 35:27 - loss: 23.8779
 96000/307573 [========>.....................] 96000/307573 [========>.....................] - ETA: 35:26 - loss: 23.7740
 97000/307573 [========>.....................] 97000/307573 [========>.....................] - ETA: 35:24 - loss: 23.6824
 98000/307573 [========>.....................] 98000/307573 [========>.....................] - ETA: 35:21 - loss: 23.5799
 99000/307573 [========>.....................] 99000/307573 [========>.....................] - ETA: 35:08 - loss: 23.4898
100000/307573 [========>.....................]100000/307573 [========>.....................] - ETA: 34:58 - loss: 23.4018
101000/307573 [========>.....................]101000/307573 [========>.....................] - ETA: 34:50 - loss: 23.3067
102000/307573 [========>.....................]102000/307573 [========>.....................] - ETA: 34:47 - loss: 23.2095
103000/307573 [=========>....................]103000/307573 [=========>....................] - ETA: 34:43 - loss: 23.1063
104000/307573 [=========>....................]104000/307573 [=========>....................] - ETA: 34:38 - loss: 22.9943
105000/307573 [=========>....................]105000/307573 [=========>....................] - ETA: 34:26 - loss: 22.8936
106000/307573 [=========>....................]106000/307573 [=========>....................] - ETA: 34:16 - loss: 22.7869
107000/307573 [=========>....................]107000/307573 [=========>....................] - ETA: 34:09 - loss: 22.6809
108000/307573 [=========>....................]108000/307573 [=========>....................] - ETA: 34:06 - loss: 22.5830
109000/307573 [=========>....................]109000/307573 [=========>....................] - ETA: 34:04 - loss: 22.4675
110000/307573 [=========>....................]110000/307573 [=========>....................] - ETA: 34:01 - loss: 22.3531
111000/307573 [=========>....................]111000/307573 [=========>....................] - ETA: 33:48 - loss: 22.2558
112000/307573 [=========>....................]112000/307573 [=========>....................] - ETA: 33:36 - loss: 22.1517
113000/307573 [==========>...................]113000/307573 [==========>...................] - ETA: 33:30 - loss: 22.0494
114000/307573 [==========>...................]114000/307573 [==========>...................] - ETA: 33:25 - loss: 21.9469
115000/307573 [==========>...................]115000/307573 [==========>...................] - ETA: 33:20 - loss: 21.8250
116000/307573 [==========>...................]116000/307573 [==========>...................] - ETA: 33:16 - loss: 21.7140
117000/307573 [==========>...................]117000/307573 [==========>...................] - ETA: 33:05 - loss: 21.6036
118000/307573 [==========>...................]118000/307573 [==========>...................] - ETA: 32:52 - loss: 21.4985
119000/307573 [==========>...................]119000/307573 [==========>...................] - ETA: 32:47 - loss: 21.3853
120000/307573 [==========>...................]120000/307573 [==========>...................] - ETA: 32:42 - loss: 21.2764
121000/307573 [==========>...................]121000/307573 [==========>...................] - ETA: 32:36 - loss: 21.1595
122000/307573 [==========>...................]122000/307573 [==========>...................] - ETA: 32:29 - loss: 21.0499
123000/307573 [==========>...................]123000/307573 [==========>...................] - ETA: 32:16 - loss: 20.9363
124000/307573 [===========>..................]124000/307573 [===========>..................] - ETA: 32:04 - loss: 20.8192
125000/307573 [===========>..................]125000/307573 [===========>..................] - ETA: 31:59 - loss: 20.7010
126000/307573 [===========>..................]126000/307573 [===========>..................] - ETA: 31:53 - loss: 20.5858
127000/307573 [===========>..................]127000/307573 [===========>..................] - ETA: 31:47 - loss: 20.4828
128000/307573 [===========>..................]128000/307573 [===========>..................] - ETA: 31:37 - loss: 20.3722
129000/307573 [===========>..................]129000/307573 [===========>..................] - ETA: 31:26 - loss: 20.2580
130000/307573 [===========>..................]130000/307573 [===========>..................] - ETA: 31:14 - loss: 20.1462
131000/307573 [===========>..................]131000/307573 [===========>..................] - ETA: 31:08 - loss: 20.0332
132000/307573 [===========>..................]132000/307573 [===========>..................] - ETA: 30:59 - loss: 19.9221
133000/307573 [===========>..................]133000/307573 [===========>..................] - ETA: 30:53 - loss: 19.8100
134000/307573 [============>.................]134000/307573 [============>.................] - ETA: 30:42 - loss: 19.7008
135000/307573 [============>.................]135000/307573 [============>.................] - ETA: 30:31 - loss: 19.5926
136000/307573 [============>.................]136000/307573 [============>.................] - ETA: 30:21 - loss: 19.4859
137000/307573 [============>.................]137000/307573 [============>.................] - ETA: 30:13 - loss: 19.3783
138000/307573 [============>.................]138000/307573 [============>.................] - ETA: 30:05 - loss: 19.2703
139000/307573 [============>.................]139000/307573 [============>.................] - ETA: 29:58 - loss: 19.1635
140000/307573 [============>.................]140000/307573 [============>.................] - ETA: 29:47 - loss: 19.0603
141000/307573 [============>.................]141000/307573 [============>.................] - ETA: 29:35 - loss: 18.9557
142000/307573 [============>.................]142000/307573 [============>.................] - ETA: 29:25 - loss: 18.8530
143000/307573 [============>.................]143000/307573 [============>.................] - ETA: 29:18 - loss: 18.7503
144000/307573 [=============>................]144000/307573 [=============>................] - ETA: 29:10 - loss: 18.6498
145000/307573 [=============>................]145000/307573 [=============>................] - ETA: 29:01 - loss: 18.5501
146000/307573 [=============>................]146000/307573 [=============>................] - ETA: 28:50 - loss: 18.4515
147000/307573 [=============>................]147000/307573 [=============>................] - ETA: 28:38 - loss: 18.3540
148000/307573 [=============>................]148000/307573 [=============>................] - ETA: 28:28 - loss: 18.2579
149000/307573 [=============>................]149000/307573 [=============>................] - ETA: 28:20 - loss: 18.1631
150000/307573 [=============>................]150000/307573 [=============>................] - ETA: 28:12 - loss: 18.0691
151000/307573 [=============>................]151000/307573 [=============>................] - ETA: 28:04 - loss: 17.9766
152000/307573 [=============>................]152000/307573 [=============>................] - ETA: 27:52 - loss: 17.8849
153000/307573 [=============>................]153000/307573 [=============>................] - ETA: 27:40 - loss: 17.7941
154000/307573 [==============>...............]154000/307573 [==============>...............] - ETA: 27:28 - loss: 17.7052
155000/307573 [==============>...............]155000/307573 [==============>...............] - ETA: 27:19 - loss: 17.6184
156000/307573 [==============>...............]156000/307573 [==============>...............] - ETA: 27:11 - loss: 17.5309
157000/307573 [==============>...............]157000/307573 [==============>...............] - ETA: 27:02 - loss: 17.4441
158000/307573 [==============>...............]158000/307573 [==============>...............] - ETA: 26:53 - loss: 17.3590
159000/307573 [==============>...............]159000/307573 [==============>...............] - ETA: 26:41 - loss: 17.2748
160000/307573 [==============>...............]160000/307573 [==============>...............] - ETA: 26:28 - loss: 17.1915
161000/307573 [==============>...............]161000/307573 [==============>...............] - ETA: 26:20 - loss: 17.1087
162000/307573 [==============>...............]162000/307573 [==============>...............] - ETA: 26:11 - loss: 17.0269
163000/307573 [==============>...............]163000/307573 [==============>...............] - ETA: 26:02 - loss: 16.9463
164000/307573 [==============>...............]164000/307573 [==============>...............] - ETA: 25:53 - loss: 16.8669
165000/307573 [===============>..............]165000/307573 [===============>..............] - ETA: 25:40 - loss: 16.7881
166000/307573 [===============>..............]166000/307573 [===============>..............] - ETA: 25:27 - loss: 16.7105
167000/307573 [===============>..............]167000/307573 [===============>..............] - ETA: 25:18 - loss: 16.6334
168000/307573 [===============>..............]168000/307573 [===============>..............] - ETA: 25:10 - loss: 16.5573
169000/307573 [===============>..............]169000/307573 [===============>..............] - ETA: 25:01 - loss: 16.4823
170000/307573 [===============>..............]170000/307573 [===============>..............] - ETA: 24:52 - loss: 16.4081
171000/307573 [===============>..............]171000/307573 [===============>..............] - ETA: 24:40 - loss: 16.3342
172000/307573 [===============>..............]172000/307573 [===============>..............] - ETA: 24:28 - loss: 16.2614
173000/307573 [===============>..............]173000/307573 [===============>..............] - ETA: 24:20 - loss: 16.1889
174000/307573 [===============>..............]174000/307573 [===============>..............] - ETA: 24:11 - loss: 16.1169
175000/307573 [================>.............]175000/307573 [================>.............] - ETA: 24:02 - loss: 16.0461
176000/307573 [================>.............]176000/307573 [================>.............] - ETA: 23:51 - loss: 15.9767
177000/307573 [================>.............]177000/307573 [================>.............] - ETA: 23:40 - loss: 15.9073
178000/307573 [================>.............]178000/307573 [================>.............] - ETA: 23:28 - loss: 15.8390
179000/307573 [================>.............]179000/307573 [================>.............] - ETA: 23:19 - loss: 15.7710
180000/307573 [================>.............]180000/307573 [================>.............] - ETA: 23:10 - loss: 15.7039
181000/307573 [================>.............]181000/307573 [================>.............] - ETA: 23:01 - loss: 15.6369
182000/307573 [================>.............]182000/307573 [================>.............] - ETA: 22:49 - loss: 15.5713
183000/307573 [================>.............]183000/307573 [================>.............] - ETA: 22:38 - loss: 15.5061
184000/307573 [================>.............]184000/307573 [================>.............] - ETA: 22:28 - loss: 15.4416
185000/307573 [=================>............]185000/307573 [=================>............] - ETA: 22:19 - loss: 15.3774
186000/307573 [=================>............]186000/307573 [=================>............] - ETA: 22:11 - loss: 15.3143
187000/307573 [=================>............]187000/307573 [=================>............] - ETA: 22:02 - loss: 15.2518
188000/307573 [=================>............]188000/307573 [=================>............] - ETA: 21:49 - loss: 15.1897
189000/307573 [=================>............]189000/307573 [=================>............] - ETA: 21:37 - loss: 15.1287
190000/307573 [=================>............]190000/307573 [=================>............] - ETA: 21:27 - loss: 15.0675
191000/307573 [=================>............]191000/307573 [=================>............] - ETA: 21:18 - loss: 15.0074
192000/307573 [=================>............]192000/307573 [=================>............] - ETA: 21:08 - loss: 14.9479
193000/307573 [=================>............]193000/307573 [=================>............] - ETA: 20:56 - loss: 14.8893
194000/307573 [=================>............]194000/307573 [=================>............] - ETA: 20:45 - loss: 14.8305
195000/307573 [==================>...........]195000/307573 [==================>...........] - ETA: 20:33 - loss: 14.7724
196000/307573 [==================>...........]196000/307573 [==================>...........] - ETA: 20:23 - loss: 14.7147
197000/307573 [==================>...........]197000/307573 [==================>...........] - ETA: 20:14 - loss: 14.6580
198000/307573 [==================>...........]198000/307573 [==================>...........] - ETA: 20:04 - loss: 14.6007
199000/307573 [==================>...........]199000/307573 [==================>...........] - ETA: 19:55 - loss: 14.5451
200000/307573 [==================>...........]200000/307573 [==================>...........] - ETA: 19:43 - loss: 14.4894
201000/307573 [==================>...........]201000/307573 [==================>...........] - ETA: 19:30 - loss: 14.4349
202000/307573 [==================>...........]202000/307573 [==================>...........] - ETA: 19:21 - loss: 14.3804
203000/307573 [==================>...........]203000/307573 [==================>...........] - ETA: 19:11 - loss: 14.3261
204000/307573 [==================>...........]204000/307573 [==================>...........] - ETA: 19:01 - loss: 14.2726
205000/307573 [==================>...........]205000/307573 [==================>...........] - ETA: 18:52 - loss: 14.2201
206000/307573 [===================>..........]206000/307573 [===================>..........] - ETA: 18:40 - loss: 14.1678
207000/307573 [===================>..........]207000/307573 [===================>..........] - ETA: 18:28 - loss: 14.1159
208000/307573 [===================>..........]208000/307573 [===================>..........] - ETA: 18:18 - loss: 14.0645
209000/307573 [===================>..........]209000/307573 [===================>..........] - ETA: 18:08 - loss: 14.0129
210000/307573 [===================>..........]210000/307573 [===================>..........] - ETA: 17:58 - loss: 13.9626
211000/307573 [===================>..........]211000/307573 [===================>..........] - ETA: 17:48 - loss: 13.9123
212000/307573 [===================>..........]212000/307573 [===================>..........] - ETA: 17:37 - loss: 13.8629
213000/307573 [===================>..........]213000/307573 [===================>..........] - ETA: 17:25 - loss: 13.8138
214000/307573 [===================>..........]214000/307573 [===================>..........] - ETA: 17:15 - loss: 13.7650
215000/307573 [===================>..........]215000/307573 [===================>..........] - ETA: 17:05 - loss: 13.7155
216000/307573 [====================>.........]216000/307573 [====================>.........] - ETA: 16:56 - loss: 13.6673
217000/307573 [====================>.........]217000/307573 [====================>.........] - ETA: 16:46 - loss: 13.6199
218000/307573 [====================>.........]218000/307573 [====================>.........] - ETA: 16:34 - loss: 13.5728
219000/307573 [====================>.........]219000/307573 [====================>.........] - ETA: 16:24 - loss: 13.5263
220000/307573 [====================>.........]220000/307573 [====================>.........] - ETA: 16:14 - loss: 13.4797
221000/307573 [====================>.........]221000/307573 [====================>.........] - ETA: 16:03 - loss: 13.4338
222000/307573 [====================>.........]222000/307573 [====================>.........] - ETA: 15:53 - loss: 13.3876
223000/307573 [====================>.........]223000/307573 [====================>.........] - ETA: 15:41 - loss: 13.3423
224000/307573 [====================>.........]224000/307573 [====================>.........] - ETA: 15:29 - loss: 13.2975
225000/307573 [====================>.........]225000/307573 [====================>.........] - ETA: 15:19 - loss: 13.2529
226000/307573 [=====================>........]226000/307573 [=====================>........] - ETA: 15:09 - loss: 13.2083
227000/307573 [=====================>........]227000/307573 [=====================>........] - ETA: 14:58 - loss: 13.1648
228000/307573 [=====================>........]228000/307573 [=====================>........] - ETA: 14:48 - loss: 13.1209
229000/307573 [=====================>........]229000/307573 [=====================>........] - ETA: 14:36 - loss: 13.0777
230000/307573 [=====================>........]230000/307573 [=====================>........] - ETA: 14:24 - loss: 13.0343
231000/307573 [=====================>........]231000/307573 [=====================>........] - ETA: 14:14 - loss: 12.9914
232000/307573 [=====================>........]232000/307573 [=====================>........] - ETA: 14:04 - loss: 12.9493
233000/307573 [=====================>........]233000/307573 [=====================>........] - ETA: 13:53 - loss: 12.9070
234000/307573 [=====================>........]234000/307573 [=====================>........] - ETA: 13:43 - loss: 12.8652
235000/307573 [=====================>........]235000/307573 [=====================>........] - ETA: 13:31 - loss: 12.8240
236000/307573 [======================>.......]236000/307573 [======================>.......] - ETA: 13:19 - loss: 12.7828
237000/307573 [======================>.......]237000/307573 [======================>.......] - ETA: 13:09 - loss: 12.7422
238000/307573 [======================>.......]238000/307573 [======================>.......] - ETA: 12:58 - loss: 12.7027
239000/307573 [======================>.......]239000/307573 [======================>.......] - ETA: 12:47 - loss: 12.6625
240000/307573 [======================>.......]240000/307573 [======================>.......] - ETA: 12:36 - loss: 12.6228
241000/307573 [======================>.......]241000/307573 [======================>.......] - ETA: 12:25 - loss: 12.5831
242000/307573 [======================>.......]242000/307573 [======================>.......] - ETA: 12:13 - loss: 12.5440
243000/307573 [======================>.......]243000/307573 [======================>.......] - ETA: 12:03 - loss: 12.5054
244000/307573 [======================>.......]244000/307573 [======================>.......] - ETA: 11:53 - loss: 12.4670
245000/307573 [======================>.......]245000/307573 [======================>.......] - ETA: 11:42 - loss: 12.4287
246000/307573 [======================>.......]246000/307573 [======================>.......] - ETA: 11:31 - loss: 12.3904
247000/307573 [=======================>......]247000/307573 [=======================>......] - ETA: 11:21 - loss: 12.3529
248000/307573 [=======================>......]248000/307573 [=======================>......] - ETA: 11:10 - loss: 12.3157
249000/307573 [=======================>......]249000/307573 [=======================>......] - ETA: 11:00 - loss: 12.2788
250000/307573 [=======================>......]250000/307573 [=======================>......] - ETA: 10:48 - loss: 12.2422
251000/307573 [=======================>......]251000/307573 [=======================>......] - ETA: 10:37 - loss: 12.2055
252000/307573 [=======================>......]252000/307573 [=======================>......] - ETA: 10:26 - loss: 12.1691
253000/307573 [=======================>......]253000/307573 [=======================>......] - ETA: 10:15 - loss: 12.1327
254000/307573 [=======================>......]254000/307573 [=======================>......] - ETA: 10:04 - loss: 12.0966
255000/307573 [=======================>......]255000/307573 [=======================>......] - ETA: 9:53 - loss: 12.0615 
256000/307573 [=======================>......]256000/307573 [=======================>......] - ETA: 9:41 - loss: 12.0269
257000/307573 [========================>.....]257000/307573 [========================>.....] - ETA: 9:30 - loss: 11.9917
258000/307573 [========================>.....]258000/307573 [========================>.....] - ETA: 9:19 - loss: 11.9568
259000/307573 [========================>.....]259000/307573 [========================>.....] - ETA: 9:08 - loss: 11.9224
260000/307573 [========================>.....]260000/307573 [========================>.....] - ETA: 8:57 - loss: 11.8881
261000/307573 [========================>.....]261000/307573 [========================>.....] - ETA: 8:45 - loss: 11.8538
262000/307573 [========================>.....]262000/307573 [========================>.....] - ETA: 8:34 - loss: 11.8199
263000/307573 [========================>.....]263000/307573 [========================>.....] - ETA: 8:23 - loss: 11.7862
264000/307573 [========================>.....]264000/307573 [========================>.....] - ETA: 8:12 - loss: 11.7529
265000/307573 [========================>.....]265000/307573 [========================>.....] - ETA: 8:01 - loss: 11.7193
266000/307573 [========================>.....]266000/307573 [========================>.....] - ETA: 7:50 - loss: 11.6860
267000/307573 [=========================>....]267000/307573 [=========================>....] - ETA: 7:38 - loss: 11.6535
268000/307573 [=========================>....]268000/307573 [=========================>....] - ETA: 7:27 - loss: 11.6206
269000/307573 [=========================>....]269000/307573 [=========================>....] - ETA: 7:16 - loss: 11.5883
270000/307573 [=========================>....]270000/307573 [=========================>....] - ETA: 7:05 - loss: 11.5563
271000/307573 [=========================>....]271000/307573 [=========================>....] - ETA: 6:54 - loss: 11.5244
272000/307573 [=========================>....]272000/307573 [=========================>....] - ETA: 6:42 - loss: 11.4929
273000/307573 [=========================>....]273000/307573 [=========================>....] - ETA: 6:31 - loss: 11.4607
274000/307573 [=========================>....]274000/307573 [=========================>....] - ETA: 6:19 - loss: 11.4292
275000/307573 [=========================>....]275000/307573 [=========================>....] - ETA: 6:08 - loss: 11.3974
276000/307573 [=========================>....]276000/307573 [=========================>....] - ETA: 5:57 - loss: 11.3663
277000/307573 [==========================>...]277000/307573 [==========================>...] - ETA: 5:46 - loss: 11.3354
278000/307573 [==========================>...]278000/307573 [==========================>...] - ETA: 5:35 - loss: 11.3051
279000/307573 [==========================>...]279000/307573 [==========================>...] - ETA: 5:23 - loss: 11.2750
280000/307573 [==========================>...]280000/307573 [==========================>...] - ETA: 5:12 - loss: 11.2451
281000/307573 [==========================>...]281000/307573 [==========================>...] - ETA: 5:01 - loss: 11.2151
282000/307573 [==========================>...]282000/307573 [==========================>...] - ETA: 4:50 - loss: 11.1858
283000/307573 [==========================>...]283000/307573 [==========================>...] - ETA: 4:38 - loss: 11.1565
284000/307573 [==========================>...]284000/307573 [==========================>...] - ETA: 4:27 - loss: 11.1267
285000/307573 [==========================>...]285000/307573 [==========================>...] - ETA: 4:15 - loss: 11.0977
286000/307573 [==========================>...]286000/307573 [==========================>...] - ETA: 4:04 - loss: 11.0687
287000/307573 [==========================>...]287000/307573 [==========================>...] - ETA: 3:53 - loss: 11.0402
288000/307573 [===========================>..]288000/307573 [===========================>..] - ETA: 3:42 - loss: 11.0112
289000/307573 [===========================>..]289000/307573 [===========================>..] - ETA: 3:31 - loss: 10.9830
290000/307573 [===========================>..]290000/307573 [===========================>..] - ETA: 3:19 - loss: 10.9550
291000/307573 [===========================>..]291000/307573 [===========================>..] - ETA: 3:08 - loss: 10.9264
292000/307573 [===========================>..]292000/307573 [===========================>..] - ETA: 2:56 - loss: 10.8986
293000/307573 [===========================>..]293000/307573 [===========================>..] - ETA: 2:45 - loss: 10.8709
294000/307573 [===========================>..]294000/307573 [===========================>..] - ETA: 2:34 - loss: 10.8434
295000/307573 [===========================>..]295000/307573 [===========================>..] - ETA: 2:22 - loss: 10.8158
296000/307573 [===========================>..]296000/307573 [===========================>..] - ETA: 2:11 - loss: 10.7886
297000/307573 [===========================>..]297000/307573 [===========================>..] - ETA: 2:00 - loss: 10.7608
298000/307573 [============================>.]298000/307573 [============================>.] - ETA: 1:48 - loss: 10.7335
299000/307573 [============================>.]299000/307573 [============================>.] - ETA: 1:37 - loss: 10.7066
300000/307573 [============================>.]300000/307573 [============================>.] - ETA: 1:26 - loss: 10.6799
301000/307573 [============================>.]301000/307573 [============================>.] - ETA: 1:14 - loss: 10.6530
302000/307573 [============================>.]302000/307573 [============================>.] - ETA: 1:03 - loss: 10.6263
303000/307573 [============================>.]303000/307573 [============================>.] - ETA: 51s - loss: 10.6000 
304000/307573 [============================>.]304000/307573 [============================>.] - ETA: 40s - loss: 10.5747
305000/307573 [============================>.]305000/307573 [============================>.] - ETA: 29s - loss: 10.5489
306000/307573 [============================>.]306000/307573 [============================>.] - ETA: 17s - loss: 10.5226
307000/307573 [============================>.]307000/307573 [============================>.] - ETA: 6s - loss: 10.4971 
307573/307573 [==============================]307573/307573 [==============================] - 3524s 11ms/step - loss: 10.4823 - val_loss: 2.8419

Epoch 2/250

  1000/307573 [..............................]  1000/307573 [..............................] - ETA: 4:13:52 - loss: 2.7581
  2000/307573 [..............................]  2000/307573 [..............................] - ETA: 3:31:35 - loss: 2.7164
  3000/307573 [..............................]  3000/307573 [..............................] - ETA: 3:34:10 - loss: 2.6843
  4000/307573 [..............................]  4000/307573 [..............................] - ETA: 3:31:19 - loss: 2.6152
  5000/307573 [..............................]  5000/307573 [..............................] - ETA: 3:28:49 - loss: 2.6009
  6000/307573 [..............................]  6000/307573 [..............................] - ETA: 3:34:59 - loss: 2.5911
  7000/307573 [..............................]  7000/307573 [..............................] - ETA: 3:20:36 - loss: 2.5933
  8000/307573 [..............................]  8000/307573 [..............................] - ETA: 3:23:47 - loss: 2.5888
  9000/307573 [..............................]  9000/307573 [..............................] - ETA: 3:15:25 - loss: 2.5919
 10000/307573 [..............................] 10000/307573 [..............................] - ETA: 3:15:40 - loss: 2.5847
 11000/307573 [>.............................] 11000/307573 [>.............................] - ETA: 3:11:37 - loss: 2.5766
 12000/307573 [>.............................] 12000/307573 [>.............................] - ETA: 3:17:40 - loss: 2.5844
 13000/307573 [>.............................] 13000/307573 [>.............................] - ETA: 3:08:42 - loss: 2.5757
 14000/307573 [>.............................] 14000/307573 [>.............................] - ETA: 3:15:45 - loss: 2.5707
 15000/307573 [>.............................] 15000/307573 [>.............................] - ETA: 3:06:17 - loss: 2.5829
 16000/307573 [>.............................] 16000/307573 [>.............................] - ETA: 3:12:39 - loss: 2.5803
 17000/307573 [>.............................] 17000/307573 [>.............................] - ETA: 3:05:51 - loss: 2.5798
 18000/307573 [>.............................] 18000/307573 [>.............................] - ETA: 3:06:47 - loss: 2.5817
 19000/307573 [>.............................] 19000/307573 [>.............................] - ETA: 3:05:02 - loss: 2.5785
 20000/307573 [>.............................] 20000/307573 [>.............................] - ETA: 3:07:42 - loss: 2.5756
 21000/307573 [=>............................] 21000/307573 [=>............................] - ETA: 3:02:52 - loss: 2.5703
 22000/307573 [=>............................] 22000/307573 [=>............................] - ETA: 3:07:06 - loss: 2.5664
 23000/307573 [=>............................] 23000/307573 [=>............................] - ETA: 3:01:05 - loss: 2.5611
 24000/307573 [=>............................] 24000/307573 [=>............................] - ETA: 3:05:05 - loss: 2.5573
 25000/307573 [=>............................] 25000/307573 [=>............................] - ETA: 3:02:01 - loss: 2.5528
 26000/307573 [=>............................] 26000/307573 [=>............................] - ETA: 3:02:47 - loss: 2.5448
 27000/307573 [=>............................] 27000/307573 [=>............................] - ETA: 3:02:47 - loss: 2.5392
 28000/307573 [=>............................] 28000/307573 [=>............................] - ETA: 3:02:27 - loss: 2.5417
 29000/307573 [=>............................] 29000/307573 [=>............................] - ETA: 3:02:44 - loss: 2.5387
 30000/307573 [=>............................] 30000/307573 [=>............................] - ETA: 3:00:32 - loss: 2.5371
 31000/307573 [==>...........................] 31000/307573 [==>...........................] - ETA: 3:02:41 - loss: 2.5334
 32000/307573 [==>...........................] 32000/307573 [==>...........................] - ETA: 2:58:35 - loss: 2.5346
 33000/307573 [==>...........................] 33000/307573 [==>...........................] - ETA: 3:00:56 - loss: 2.5342
 34000/307573 [==>...........................] 34000/307573 [==>...........................] - ETA: 2:56:41 - loss: 2.5304
 35000/307573 [==>...........................] 35000/307573 [==>...........................] - ETA: 2:58:58 - loss: 2.5295
 36000/307573 [==>...........................] 36000/307573 [==>...........................] - ETA: 2:55:28 - loss: 2.5251
 37000/307573 [==>...........................] 37000/307573 [==>...........................] - ETA: 2:57:01 - loss: 2.5246
 38000/307573 [==>...........................] 38000/307573 [==>...........................] - ETA: 2:53:59 - loss: 2.5262
 39000/307573 [==>...........................] 39000/307573 [==>...........................] - ETA: 2:55:06 - loss: 2.5232
 40000/307573 [==>...........................] 40000/307573 [==>...........................] - ETA: 2:53:41 - loss: 2.5219
 41000/307573 [==>...........................] 41000/307573 [==>...........................] - ETA: 2:53:21 - loss: 2.5231
 42000/307573 [===>..........................] 42000/307573 [===>..........................] - ETA: 2:51:48 - loss: 2.5210
 43000/307573 [===>..........................] 43000/307573 [===>..........................] - ETA: 2:52:31 - loss: 2.5164
 44000/307573 [===>..........................] 44000/307573 [===>..........................] - ETA: 2:51:44 - loss: 2.5198
 45000/307573 [===>..........................] 45000/307573 [===>..........................] - ETA: 2:50:48 - loss: 2.5189
 46000/307573 [===>..........................] 46000/307573 [===>..........................] - ETA: 2:49:57 - loss: 2.5140
 47000/307573 [===>..........................] 47000/307573 [===>..........................] - ETA: 2:48:51 - loss: 2.5111
 48000/307573 [===>..........................] 48000/307573 [===>..........................] - ETA: 2:47:42 - loss: 2.5075
 49000/307573 [===>..........................] 49000/307573 [===>..........................] - ETA: 2:47:18 - loss: 2.5038
 50000/307573 [===>..........................] 50000/307573 [===>..........................] - ETA: 2:46:57 - loss: 2.4988
 51000/307573 [===>..........................] 51000/307573 [===>..........................] - ETA: 2:47:15 - loss: 2.4959
 52000/307573 [====>.........................] 52000/307573 [====>.........................] - ETA: 2:45:16 - loss: 2.4953
 53000/307573 [====>.........................] 53000/307573 [====>.........................] - ETA: 2:45:33 - loss: 2.4910
 54000/307573 [====>.........................] 54000/307573 [====>.........................] - ETA: 2:43:07 - loss: 2.4903
 55000/307573 [====>.........................] 55000/307573 [====>.........................] - ETA: 2:44:11 - loss: 2.4866
 56000/307573 [====>.........................] 56000/307573 [====>.........................] - ETA: 2:42:04 - loss: 2.4798
 57000/307573 [====>.........................] 57000/307573 [====>.........................] - ETA: 2:42:09 - loss: 2.4767
 58000/307573 [====>.........................] 58000/307573 [====>.........................] - ETA: 2:41:04 - loss: 2.4750
 59000/307573 [====>.........................] 59000/307573 [====>.........................] - ETA: 2:40:25 - loss: 2.4733
 60000/307573 [====>.........................] 60000/307573 [====>.........................] - ETA: 2:38:17 - loss: 2.4707
 61000/307573 [====>.........................] 61000/307573 [====>.........................] - ETA: 2:38:55 - loss: 2.4672
 62000/307573 [=====>........................] 62000/307573 [=====>........................] - ETA: 2:39:04 - loss: 2.4655
 63000/307573 [=====>........................] 63000/307573 [=====>........................] - ETA: 2:38:04 - loss: 2.4653
 64000/307573 [=====>........................] 64000/307573 [=====>........................] - ETA: 2:38:37 - loss: 2.4612
 65000/307573 [=====>........................] 65000/307573 [=====>........................] - ETA: 2:36:31 - loss: 2.4573
 66000/307573 [=====>........................] 66000/307573 [=====>........................] - ETA: 2:37:00 - loss: 2.4540
 67000/307573 [=====>........................] 67000/307573 [=====>........................] - ETA: 2:35:25 - loss: 2.4516
 68000/307573 [=====>........................] 68000/307573 [=====>........................] - ETA: 2:35:27 - loss: 2.4494
 69000/307573 [=====>........................] 69000/307573 [=====>........................] - ETA: 2:34:44 - loss: 2.4463
 70000/307573 [=====>........................] 70000/307573 [=====>........................] - ETA: 2:34:06 - loss: 2.4432
 71000/307573 [=====>........................] 71000/307573 [=====>........................] - ETA: 2:33:28 - loss: 2.4390
 72000/307573 [======>.......................] 72000/307573 [======>.......................] - ETA: 2:32:46 - loss: 2.4356
 73000/307573 [======>.......................] 73000/307573 [======>.......................] - ETA: 2:32:08 - loss: 2.4311
 74000/307573 [======>.......................] 74000/307573 [======>.......................] - ETA: 2:30:47 - loss: 2.4292
 75000/307573 [======>.......................] 75000/307573 [======>.......................] - ETA: 2:29:42 - loss: 2.4270
 76000/307573 [======>.......................] 76000/307573 [======>.......................] - ETA: 2:29:15 - loss: 2.4228
 77000/307573 [======>.......................] 77000/307573 [======>.......................] - ETA: 2:28:38 - loss: 2.4202
 78000/307573 [======>.......................] 78000/307573 [======>.......................] - ETA: 2:28:15 - loss: 2.4142
 79000/307573 [======>.......................] 79000/307573 [======>.......................] - ETA: 2:27:44 - loss: 2.4119
 80000/307573 [======>.......................] 80000/307573 [======>.......................] - ETA: 2:26:48 - loss: 2.4098
 81000/307573 [======>.......................] 81000/307573 [======>.......................] - ETA: 2:26:16 - loss: 2.4090
 82000/307573 [======>.......................] 82000/307573 [======>.......................] - ETA: 2:25:19 - loss: 2.4087
 83000/307573 [=======>......................] 83000/307573 [=======>......................] - ETA: 2:25:13 - loss: 2.4036
 84000/307573 [=======>......................] 84000/307573 [=======>......................] - ETA: 2:23:49 - loss: 2.4003
 85000/307573 [=======>......................] 85000/307573 [=======>......................] - ETA: 2:23:57 - loss: 2.3963
 86000/307573 [=======>......................] 86000/307573 [=======>......................] - ETA: 2:22:20 - loss: 2.3934
 87000/307573 [=======>......................] 87000/307573 [=======>......................] - ETA: 2:22:23 - loss: 2.3891
 88000/307573 [=======>......................] 88000/307573 [=======>......................] - ETA: 2:21:03 - loss: 2.3884
 89000/307573 [=======>......................] 89000/307573 [=======>......................] - ETA: 2:21:11 - loss: 2.3856
 90000/307573 [=======>......................] 90000/307573 [=======>......................] - ETA: 2:20:48 - loss: 2.3827
 91000/307573 [=======>......................] 91000/307573 [=======>......................] - ETA: 2:20:02 - loss: 2.3815
 92000/307573 [=======>......................] 92000/307573 [=======>......................] - ETA: 2:19:27 - loss: 2.3774
 93000/307573 [========>.....................] 93000/307573 [========>.....................] - ETA: 2:18:37 - loss: 2.3754
 94000/307573 [========>.....................] 94000/307573 [========>.....................] - ETA: 2:17:31 - loss: 2.3730
 95000/307573 [========>.....................] 95000/307573 [========>.....................] - ETA: 2:16:19 - loss: 2.3699
 96000/307573 [========>.....................] 96000/307573 [========>.....................] - ETA: 2:15:01 - loss: 2.3659
 97000/307573 [========>.....................] 97000/307573 [========>.....................] - ETA: 2:13:43 - loss: 2.3634
 98000/307573 [========>.....................] 98000/307573 [========>.....................] - ETA: 2:12:19 - loss: 2.3612
 99000/307573 [========>.....................] 99000/307573 [========>.....................] - ETA: 2:10:55 - loss: 2.3588
100000/307573 [========>.....................]100000/307573 [========>.....................] - ETA: 2:09:30 - loss: 2.3570
101000/307573 [========>.....................]101000/307573 [========>.....................] - ETA: 2:08:04 - loss: 2.3544
102000/307573 [========>.....................]102000/307573 [========>.....................] - ETA: 2:06:34 - loss: 2.3506
103000/307573 [=========>....................]103000/307573 [=========>....................] - ETA: 2:05:03 - loss: 2.3463
104000/307573 [=========>....................]104000/307573 [=========>....................] - ETA: 2:03:30 - loss: 2.3444
105000/307573 [=========>....................]105000/307573 [=========>....................] - ETA: 2:01:56 - loss: 2.3422
106000/307573 [=========>....................]106000/307573 [=========>....................] - ETA: 2:00:21 - loss: 2.3391
107000/307573 [=========>....................]107000/307573 [=========>....................] - ETA: 1:58:46 - loss: 2.3355
108000/307573 [=========>....................]108000/307573 [=========>....................] - ETA: 1:57:08 - loss: 2.3325
109000/307573 [=========>....................]109000/307573 [=========>....................] - ETA: 1:55:31 - loss: 2.3291
110000/307573 [=========>....................]110000/307573 [=========>....................] - ETA: 1:53:56 - loss: 2.3259
111000/307573 [=========>....................]111000/307573 [=========>....................] - ETA: 1:52:23 - loss: 2.3242
112000/307573 [=========>....................]112000/307573 [=========>....................] - ETA: 1:50:51 - loss: 2.3215
113000/307573 [==========>...................]113000/307573 [==========>...................] - ETA: 1:49:21 - loss: 2.3183
114000/307573 [==========>...................]114000/307573 [==========>...................] - ETA: 1:47:52 - loss: 2.3160
115000/307573 [==========>...................]115000/307573 [==========>...................] - ETA: 1:46:25 - loss: 2.3113
116000/307573 [==========>...................]116000/307573 [==========>...................] - ETA: 1:44:59 - loss: 2.3074
117000/307573 [==========>...................]117000/307573 [==========>...................] - ETA: 1:43:35 - loss: 2.3038
118000/307573 [==========>...................]118000/307573 [==========>...................] - ETA: 1:42:13 - loss: 2.3006
119000/307573 [==========>...................]119000/307573 [==========>...................] - ETA: 1:40:51 - loss: 2.2980
120000/307573 [==========>...................]120000/307573 [==========>...................] - ETA: 1:39:31 - loss: 2.2968
121000/307573 [==========>...................]121000/307573 [==========>...................] - ETA: 1:38:12 - loss: 2.2930
122000/307573 [==========>...................]122000/307573 [==========>...................] - ETA: 1:36:55 - loss: 2.2912
123000/307573 [==========>...................]123000/307573 [==========>...................] - ETA: 1:35:39 - loss: 2.2889
124000/307573 [===========>..................]124000/307573 [===========>..................] - ETA: 1:34:24 - loss: 2.2866
125000/307573 [===========>..................]125000/307573 [===========>..................] - ETA: 1:33:10 - loss: 2.2839
126000/307573 [===========>..................]126000/307573 [===========>..................] - ETA: 1:31:57 - loss: 2.2818
127000/307573 [===========>..................]127000/307573 [===========>..................] - ETA: 1:30:45 - loss: 2.2803
128000/307573 [===========>..................]128000/307573 [===========>..................] - ETA: 1:29:35 - loss: 2.2786
129000/307573 [===========>..................]129000/307573 [===========>..................] - ETA: 1:28:25 - loss: 2.2739
130000/307573 [===========>..................]130000/307573 [===========>..................] - ETA: 1:27:17 - loss: 2.2710
131000/307573 [===========>..................]131000/307573 [===========>..................] - ETA: 1:26:10 - loss: 2.2677
132000/307573 [===========>..................]132000/307573 [===========>..................] - ETA: 1:25:03 - loss: 2.2651
133000/307573 [===========>..................]133000/307573 [===========>..................] - ETA: 1:23:58 - loss: 2.2629
134000/307573 [============>.................]134000/307573 [============>.................] - ETA: 1:22:54 - loss: 2.2608
135000/307573 [============>.................]135000/307573 [============>.................] - ETA: 1:21:50 - loss: 2.2589
136000/307573 [============>.................]136000/307573 [============>.................] - ETA: 1:20:48 - loss: 2.2563
137000/307573 [============>.................]137000/307573 [============>.................] - ETA: 1:19:46 - loss: 2.2525
138000/307573 [============>.................]138000/307573 [============>.................] - ETA: 1:18:45 - loss: 2.2507
139000/307573 [============>.................]139000/307573 [============>.................] - ETA: 1:17:45 - loss: 2.2482
140000/307573 [============>.................]140000/307573 [============>.................] - ETA: 1:16:46 - loss: 2.2451
141000/307573 [============>.................]141000/307573 [============>.................] - ETA: 1:15:48 - loss: 2.2418
142000/307573 [============>.................]142000/307573 [============>.................] - ETA: 1:14:50 - loss: 2.2391
143000/307573 [============>.................]143000/307573 [============>.................] - ETA: 1:13:53 - loss: 2.2369
144000/307573 [=============>................]144000/307573 [=============>................] - ETA: 1:12:57 - loss: 2.2344
145000/307573 [=============>................]145000/307573 [=============>................] - ETA: 1:12:02 - loss: 2.2319
146000/307573 [=============>................]146000/307573 [=============>................] - ETA: 1:11:08 - loss: 2.2298
147000/307573 [=============>................]147000/307573 [=============>................] - ETA: 1:10:14 - loss: 2.2269
148000/307573 [=============>................]148000/307573 [=============>................] - ETA: 1:09:21 - loss: 2.2237
149000/307573 [=============>................]149000/307573 [=============>................] - ETA: 1:08:29 - loss: 2.2217
150000/307573 [=============>................]150000/307573 [=============>................] - ETA: 1:07:37 - loss: 2.2193
151000/307573 [=============>................]151000/307573 [=============>................] - ETA: 1:06:46 - loss: 2.2166
152000/307573 [=============>................]152000/307573 [=============>................] - ETA: 1:05:56 - loss: 2.2119
153000/307573 [=============>................]153000/307573 [=============>................] - ETA: 1:05:06 - loss: 2.2073
154000/307573 [==============>...............]154000/307573 [==============>...............] - ETA: 1:04:17 - loss: 2.2044
155000/307573 [==============>...............]155000/307573 [==============>...............] - ETA: 1:03:28 - loss: 2.2009
156000/307573 [==============>...............]156000/307573 [==============>...............] - ETA: 1:02:41 - loss: 2.1986
157000/307573 [==============>...............]157000/307573 [==============>...............] - ETA: 1:01:53 - loss: 2.1959
158000/307573 [==============>...............]158000/307573 [==============>...............] - ETA: 1:01:07 - loss: 2.1931
159000/307573 [==============>...............]159000/307573 [==============>...............] - ETA: 1:00:20 - loss: 2.1908
160000/307573 [==============>...............]160000/307573 [==============>...............] - ETA: 59:35 - loss: 2.1878  
161000/307573 [==============>...............]161000/307573 [==============>...............] - ETA: 58:50 - loss: 2.1842
162000/307573 [==============>...............]162000/307573 [==============>...............] - ETA: 58:05 - loss: 2.1821
163000/307573 [==============>...............]163000/307573 [==============>...............] - ETA: 57:21 - loss: 2.1790
164000/307573 [==============>...............]164000/307573 [==============>...............] - ETA: 56:38 - loss: 2.1755
165000/307573 [===============>..............]165000/307573 [===============>..............] - ETA: 55:55 - loss: 2.1735
166000/307573 [===============>..............]166000/307573 [===============>..............] - ETA: 55:13 - loss: 2.1717
167000/307573 [===============>..............]167000/307573 [===============>..............] - ETA: 54:31 - loss: 2.1681
168000/307573 [===============>..............]168000/307573 [===============>..............] - ETA: 53:49 - loss: 2.1654
169000/307573 [===============>..............]169000/307573 [===============>..............] - ETA: 53:08 - loss: 2.1614
170000/307573 [===============>..............]170000/307573 [===============>..............] - ETA: 52:28 - loss: 2.1582
171000/307573 [===============>..............]171000/307573 [===============>..............] - ETA: 51:48 - loss: 2.1552
172000/307573 [===============>..............]172000/307573 [===============>..............] - ETA: 51:08 - loss: 2.1510
173000/307573 [===============>..............]173000/307573 [===============>..............] - ETA: 50:29 - loss: 2.1485
174000/307573 [===============>..............]174000/307573 [===============>..............] - ETA: 49:50 - loss: 2.1455
175000/307573 [================>.............]175000/307573 [================>.............] - ETA: 49:12 - loss: 2.1434
176000/307573 [================>.............]176000/307573 [================>.............] - ETA: 48:34 - loss: 2.1400
177000/307573 [================>.............]177000/307573 [================>.............] - ETA: 47:57 - loss: 2.1375
178000/307573 [================>.............]178000/307573 [================>.............] - ETA: 47:20 - loss: 2.1348
179000/307573 [================>.............]179000/307573 [================>.............] - ETA: 46:43 - loss: 2.1321
180000/307573 [================>.............]180000/307573 [================>.............] - ETA: 46:07 - loss: 2.1287
181000/307573 [================>.............]181000/307573 [================>.............] - ETA: 45:31 - loss: 2.1253
182000/307573 [================>.............]182000/307573 [================>.............] - ETA: 44:55 - loss: 2.1212
183000/307573 [================>.............]183000/307573 [================>.............] - ETA: 44:20 - loss: 2.1185
184000/307573 [================>.............]184000/307573 [================>.............] - ETA: 43:45 - loss: 2.1151
185000/307573 [=================>............]185000/307573 [=================>............] - ETA: 43:11 - loss: 2.1121
186000/307573 [=================>............]186000/307573 [=================>............] - ETA: 42:37 - loss: 2.1089
187000/307573 [=================>............]187000/307573 [=================>............] - ETA: 42:03 - loss: 2.1053
188000/307573 [=================>............]188000/307573 [=================>............] - ETA: 41:30 - loss: 2.1017
189000/307573 [=================>............]189000/307573 [=================>............] - ETA: 40:57 - loss: 2.0975
190000/307573 [=================>............]190000/307573 [=================>............] - ETA: 40:24 - loss: 2.0940
191000/307573 [=================>............]191000/307573 [=================>............] - ETA: 39:52 - loss: 2.0899
192000/307573 [=================>............]192000/307573 [=================>............] - ETA: 39:20 - loss: 2.0865
193000/307573 [=================>............]193000/307573 [=================>............] - ETA: 38:48 - loss: 2.0837
194000/307573 [=================>............]194000/307573 [=================>............] - ETA: 38:17 - loss: 2.0798
195000/307573 [==================>...........]195000/307573 [==================>...........] - ETA: 37:45 - loss: 2.0772
196000/307573 [==================>...........]196000/307573 [==================>...........] - ETA: 37:15 - loss: 2.0746
197000/307573 [==================>...........]197000/307573 [==================>...........] - ETA: 36:44 - loss: 2.0721
198000/307573 [==================>...........]198000/307573 [==================>...........] - ETA: 36:14 - loss: 2.0692
199000/307573 [==================>...........]199000/307573 [==================>...........] - ETA: 35:44 - loss: 2.0668
200000/307573 [==================>...........]200000/307573 [==================>...........] - ETA: 35:14 - loss: 2.0648
201000/307573 [==================>...........]201000/307573 [==================>...........] - ETA: 34:45 - loss: 2.0613
202000/307573 [==================>...........]202000/307573 [==================>...........] - ETA: 34:16 - loss: 2.0578
203000/307573 [==================>...........]203000/307573 [==================>...........] - ETA: 33:47 - loss: 2.0550
204000/307573 [==================>...........]204000/307573 [==================>...........] - ETA: 33:19 - loss: 2.0517
205000/307573 [==================>...........]205000/307573 [==================>...........] - ETA: 32:50 - loss: 2.0484
206000/307573 [===================>..........]206000/307573 [===================>..........] - ETA: 32:22 - loss: 2.0452
207000/307573 [===================>..........]207000/307573 [===================>..........] - ETA: 31:55 - loss: 2.0422
208000/307573 [===================>..........]208000/307573 [===================>..........] - ETA: 31:27 - loss: 2.0388
209000/307573 [===================>..........]209000/307573 [===================>..........] - ETA: 31:00 - loss: 2.0351
210000/307573 [===================>..........]210000/307573 [===================>..........] - ETA: 30:33 - loss: 2.0318
211000/307573 [===================>..........]211000/307573 [===================>..........] - ETA: 30:06 - loss: 2.0285
212000/307573 [===================>..........]212000/307573 [===================>..........] - ETA: 29:40 - loss: 2.0248
213000/307573 [===================>..........]213000/307573 [===================>..........] - ETA: 29:14 - loss: 2.0216
214000/307573 [===================>..........]214000/307573 [===================>..........] - ETA: 28:47 - loss: 2.0189
215000/307573 [===================>..........]215000/307573 [===================>..........] - ETA: 28:22 - loss: 2.0167
216000/307573 [====================>.........]216000/307573 [====================>.........] - ETA: 27:56 - loss: 2.0138
217000/307573 [====================>.........]217000/307573 [====================>.........] - ETA: 27:31 - loss: 2.0110
218000/307573 [====================>.........]218000/307573 [====================>.........] - ETA: 27:06 - loss: 2.0086
219000/307573 [====================>.........]219000/307573 [====================>.........] - ETA: 26:41 - loss: 2.0057
220000/307573 [====================>.........]220000/307573 [====================>.........] - ETA: 26:16 - loss: 2.0029
221000/307573 [====================>.........]221000/307573 [====================>.........] - ETA: 25:51 - loss: 2.0010
222000/307573 [====================>.........]222000/307573 [====================>.........] - ETA: 25:27 - loss: 1.9989
223000/307573 [====================>.........]223000/307573 [====================>.........] - ETA: 25:03 - loss: 1.9953
224000/307573 [====================>.........]224000/307573 [====================>.........] - ETA: 24:39 - loss: 1.9923
225000/307573 [====================>.........]225000/307573 [====================>.........] - ETA: 24:15 - loss: 1.9895
226000/307573 [=====================>........]226000/307573 [=====================>........] - ETA: 23:52 - loss: 1.9869
227000/307573 [=====================>........]227000/307573 [=====================>........] - ETA: 23:29 - loss: 1.9835
228000/307573 [=====================>........]228000/307573 [=====================>........] - ETA: 23:06 - loss: 1.9798
229000/307573 [=====================>........]229000/307573 [=====================>........] - ETA: 22:43 - loss: 1.9756
230000/307573 [=====================>........]230000/307573 [=====================>........] - ETA: 22:20 - loss: 1.9725
231000/307573 [=====================>........]231000/307573 [=====================>........] - ETA: 21:57 - loss: 1.9691
232000/307573 [=====================>........]232000/307573 [=====================>........] - ETA: 21:35 - loss: 1.9657
233000/307573 [=====================>........]233000/307573 [=====================>........] - ETA: 21:13 - loss: 1.9632
234000/307573 [=====================>........]234000/307573 [=====================>........] - ETA: 20:51 - loss: 1.9605
235000/307573 [=====================>........]235000/307573 [=====================>........] - ETA: 20:29 - loss: 1.9584
236000/307573 [======================>.......]236000/307573 [======================>.......] - ETA: 20:07 - loss: 1.9561
237000/307573 [======================>.......]237000/307573 [======================>.......] - ETA: 19:46 - loss: 1.9536
238000/307573 [======================>.......]238000/307573 [======================>.......] - ETA: 19:25 - loss: 1.9509
239000/307573 [======================>.......]239000/307573 [======================>.......] - ETA: 19:03 - loss: 1.9485
240000/307573 [======================>.......]240000/307573 [======================>.......] - ETA: 18:42 - loss: 1.9457
241000/307573 [======================>.......]241000/307573 [======================>.......] - ETA: 18:22 - loss: 1.9426
242000/307573 [======================>.......]242000/307573 [======================>.......] - ETA: 18:01 - loss: 1.9401
243000/307573 [======================>.......]243000/307573 [======================>.......] - ETA: 17:40 - loss: 1.9377
244000/307573 [======================>.......]244000/307573 [======================>.......] - ETA: 17:20 - loss: 1.9351
245000/307573 [======================>.......]245000/307573 [======================>.......] - ETA: 17:00 - loss: 1.9326
246000/307573 [======================>.......]246000/307573 [======================>.......] - ETA: 16:40 - loss: 1.9302
247000/307573 [=======================>......]247000/307573 [=======================>......] - ETA: 16:20 - loss: 1.9282
248000/307573 [=======================>......]248000/307573 [=======================>......] - ETA: 16:00 - loss: 1.9250
249000/307573 [=======================>......]249000/307573 [=======================>......] - ETA: 15:41 - loss: 1.9222
250000/307573 [=======================>......]250000/307573 [=======================>......] - ETA: 15:21 - loss: 1.9192
251000/307573 [=======================>......]251000/307573 [=======================>......] - ETA: 15:02 - loss: 1.9162
252000/307573 [=======================>......]252000/307573 [=======================>......] - ETA: 14:43 - loss: 1.9124
253000/307573 [=======================>......]253000/307573 [=======================>......] - ETA: 14:24 - loss: 1.9096
254000/307573 [=======================>......]254000/307573 [=======================>......] - ETA: 14:05 - loss: 1.9066
255000/307573 [=======================>......]255000/307573 [=======================>......] - ETA: 13:46 - loss: 1.9041
256000/307573 [=======================>......]256000/307573 [=======================>......] - ETA: 13:27 - loss: 1.9013
257000/307573 [========================>.....]257000/307573 [========================>.....] - ETA: 13:09 - loss: 1.8982
258000/307573 [========================>.....]258000/307573 [========================>.....] - ETA: 12:51 - loss: 1.8955
259000/307573 [========================>.....]259000/307573 [========================>.....] - ETA: 12:32 - loss: 1.8927
260000/307573 [========================>.....]260000/307573 [========================>.....] - ETA: 12:14 - loss: 1.8892
261000/307573 [========================>.....]261000/307573 [========================>.....] - ETA: 11:56 - loss: 1.8864
262000/307573 [========================>.....]262000/307573 [========================>.....] - ETA: 11:39 - loss: 1.8835
263000/307573 [========================>.....]263000/307573 [========================>.....] - ETA: 11:21 - loss: 1.8809
264000/307573 [========================>.....]264000/307573 [========================>.....] - ETA: 11:03 - loss: 1.8784
265000/307573 [========================>.....]265000/307573 [========================>.....] - ETA: 10:46 - loss: 1.8758
266000/307573 [========================>.....]266000/307573 [========================>.....] - ETA: 10:28 - loss: 1.8737
267000/307573 [=========================>....]267000/307573 [=========================>....] - ETA: 10:11 - loss: 1.8706
268000/307573 [=========================>....]268000/307573 [=========================>....] - ETA: 9:54 - loss: 1.8678 
269000/307573 [=========================>....]269000/307573 [=========================>....] - ETA: 9:37 - loss: 1.8655
270000/307573 [=========================>....]270000/307573 [=========================>....] - ETA: 9:20 - loss: 1.8637
271000/307573 [=========================>....]271000/307573 [=========================>....] - ETA: 9:04 - loss: 1.8610
272000/307573 [=========================>....]272000/307573 [=========================>....] - ETA: 8:47 - loss: 1.8582
273000/307573 [=========================>....]273000/307573 [=========================>....] - ETA: 8:30 - loss: 1.8562
274000/307573 [=========================>....]274000/307573 [=========================>....] - ETA: 8:14 - loss: 1.8531
275000/307573 [=========================>....]275000/307573 [=========================>....] - ETA: 7:58 - loss: 1.8498
276000/307573 [=========================>....]276000/307573 [=========================>....] - ETA: 7:41 - loss: 1.8471
277000/307573 [==========================>...]277000/307573 [==========================>...] - ETA: 7:25 - loss: 1.8443
278000/307573 [==========================>...]278000/307573 [==========================>...] - ETA: 7:09 - loss: 1.8422
279000/307573 [==========================>...]279000/307573 [==========================>...] - ETA: 6:54 - loss: 1.8395
280000/307573 [==========================>...]280000/307573 [==========================>...] - ETA: 6:38 - loss: 1.8371
281000/307573 [==========================>...]281000/307573 [==========================>...] - ETA: 6:22 - loss: 1.8343
282000/307573 [==========================>...]282000/307573 [==========================>...] - ETA: 6:06 - loss: 1.8322
283000/307573 [==========================>...]283000/307573 [==========================>...] - ETA: 5:51 - loss: 1.8299
284000/307573 [==========================>...]284000/307573 [==========================>...] - ETA: 5:36 - loss: 1.8280
285000/307573 [==========================>...]285000/307573 [==========================>...] - ETA: 5:20 - loss: 1.8250
286000/307573 [==========================>...]286000/307573 [==========================>...] - ETA: 5:05 - loss: 1.8224
287000/307573 [==========================>...]287000/307573 [==========================>...] - ETA: 4:50 - loss: 1.8201
288000/307573 [===========================>..]288000/307573 [===========================>..] - ETA: 4:35 - loss: 1.8174
289000/307573 [===========================>..]289000/307573 [===========================>..] - ETA: 4:20 - loss: 1.8148
290000/307573 [===========================>..]290000/307573 [===========================>..] - ETA: 4:05 - loss: 1.8123
291000/307573 [===========================>..]291000/307573 [===========================>..] - ETA: 3:51 - loss: 1.8087
292000/307573 [===========================>..]292000/307573 [===========================>..] - ETA: 3:36 - loss: 1.8051
293000/307573 [===========================>..]293000/307573 [===========================>..] - ETA: 3:22 - loss: 1.8027
294000/307573 [===========================>..]294000/307573 [===========================>..] - ETA: 3:07 - loss: 1.8004
295000/307573 [===========================>..]295000/307573 [===========================>..] - ETA: 2:53 - loss: 1.7973
296000/307573 [===========================>..]296000/307573 [===========================>..] - ETA: 2:38 - loss: 1.7949
297000/307573 [===========================>..]297000/307573 [===========================>..] - ETA: 2:24 - loss: 1.7923
298000/307573 [============================>.]298000/307573 [============================>.] - ETA: 2:10 - loss: 1.7894
299000/307573 [============================>.]299000/307573 [============================>.] - ETA: 1:56 - loss: 1.7860
300000/307573 [============================>.]300000/307573 [============================>.] - ETA: 1:42 - loss: 1.7834
301000/307573 [============================>.]301000/307573 [============================>.] - ETA: 1:28 - loss: 1.7807
302000/307573 [============================>.]302000/307573 [============================>.] - ETA: 1:15 - loss: 1.7787
303000/307573 [============================>.]303000/307573 [============================>.] - ETA: 1:01 - loss: 1.7760
304000/307573 [============================>.]304000/307573 [============================>.] - ETA: 47s - loss: 1.7733 
305000/307573 [============================>.]305000/307573 [============================>.] - ETA: 34s - loss: 1.7706
306000/307573 [============================>.]306000/307573 [============================>.] - ETA: 20s - loss: 1.7679
307000/307573 [============================>.]307000/307573 [============================>.] - ETA: 7s - loss: 1.7651 
307573/307573 [==============================]307573/307573 [==============================] - 4087s 13ms/step - loss: 1.7639 - val_loss: 1.2421

Epoch 3/250

  1000/307573 [..............................]  1000/307573 [..............................] - ETA: 7:17 - loss: 0.8437
  2000/307573 [..............................]  2000/307573 [..............................] - ETA: 7:09 - loss: 0.8207
  3000/307573 [..............................]  3000/307573 [..............................] - ETA: 7:06 - loss: 0.9055
  4000/307573 [..............................]  4000/307573 [..............................] - ETA: 7:01 - loss: 0.9113
  5000/307573 [..............................]  5000/307573 [..............................] - ETA: 7:00 - loss: 0.9513
  6000/307573 [..............................]  6000/307573 [..............................] - ETA: 6:59 - loss: 0.9352
  7000/307573 [..............................]  7000/307573 [..............................] - ETA: 6:58 - loss: 0.9385
  8000/307573 [..............................]  8000/307573 [..............................] - ETA: 6:57 - loss: 0.9669
  9000/307573 [..............................]  9000/307573 [..............................] - ETA: 6:57 - loss: 0.9594
 10000/307573 [..............................] 10000/307573 [..............................] - ETA: 6:56 - loss: 0.9478
 11000/307573 [>.............................] 11000/307573 [>.............................] - ETA: 6:54 - loss: 0.9458
 12000/307573 [>.............................] 12000/307573 [>.............................] - ETA: 6:52 - loss: 0.9390
 13000/307573 [>.............................] 13000/307573 [>.............................] - ETA: 6:50 - loss: 0.9389
 14000/307573 [>.............................] 14000/307573 [>.............................] - ETA: 6:48 - loss: 0.9551
 15000/307573 [>.............................] 15000/307573 [>.............................] - ETA: 6:47 - loss: 0.9536
 16000/307573 [>.............................] 16000/307573 [>.............................] - ETA: 6:47 - loss: 0.9438
 17000/307573 [>.............................] 17000/307573 [>.............................] - ETA: 6:47 - loss: 0.9379
 18000/307573 [>.............................] 18000/307573 [>.............................] - ETA: 6:46 - loss: 0.9312
 19000/307573 [>.............................] 19000/307573 [>.............................] - ETA: 6:44 - loss: 0.9229
 20000/307573 [>.............................] 20000/307573 [>.............................] - ETA: 6:42 - loss: 0.9181
 21000/307573 [=>............................] 21000/307573 [=>............................] - ETA: 6:41 - loss: 0.9176
 22000/307573 [=>............................] 22000/307573 [=>............................] - ETA: 6:39 - loss: 0.9107
 23000/307573 [=>............................] 23000/307573 [=>............................] - ETA: 6:38 - loss: 0.9108
 24000/307573 [=>............................] 24000/307573 [=>............................] - ETA: 6:37 - loss: 0.9136
 25000/307573 [=>............................] 25000/307573 [=>............................] - ETA: 6:36 - loss: 0.9179
 26000/307573 [=>............................] 26000/307573 [=>............................] - ETA: 6:34 - loss: 0.9156
 27000/307573 [=>............................] 27000/307573 [=>............................] - ETA: 6:33 - loss: 0.9159
 28000/307573 [=>............................] 28000/307573 [=>............................] - ETA: 6:31 - loss: 0.9170
 29000/307573 [=>............................] 29000/307573 [=>............................] - ETA: 6:29 - loss: 0.9182
 30000/307573 [=>............................] 30000/307573 [=>............................] - ETA: 6:28 - loss: 0.9123
 31000/307573 [==>...........................] 31000/307573 [==>...........................] - ETA: 6:27 - loss: 0.9123
 32000/307573 [==>...........................] 32000/307573 [==>...........................] - ETA: 6:25 - loss: 0.9133
 33000/307573 [==>...........................] 33000/307573 [==>...........................] - ETA: 6:24 - loss: 0.9112
 34000/307573 [==>...........................] 34000/307573 [==>...........................] - ETA: 6:22 - loss: 0.9073
 35000/307573 [==>...........................] 35000/307573 [==>...........................] - ETA: 6:21 - loss: 0.9026
 36000/307573 [==>...........................] 36000/307573 [==>...........................] - ETA: 6:19 - loss: 0.9030
 37000/307573 [==>...........................] 37000/307573 [==>...........................] - ETA: 6:18 - loss: 0.8967
 38000/307573 [==>...........................] 38000/307573 [==>...........................] - ETA: 6:17 - loss: 0.8889
 39000/307573 [==>...........................] 39000/307573 [==>...........................] - ETA: 6:15 - loss: 0.8850
 40000/307573 [==>...........................] 40000/307573 [==>...........................] - ETA: 6:14 - loss: 0.8796
 41000/307573 [==>...........................] 41000/307573 [==>...........................] - ETA: 6:13 - loss: 0.8755
 42000/307573 [===>..........................] 42000/307573 [===>..........................] - ETA: 6:12 - loss: 0.8687
 43000/307573 [===>..........................] 43000/307573 [===>..........................] - ETA: 6:10 - loss: 0.8686
 44000/307573 [===>..........................] 44000/307573 [===>..........................] - ETA: 6:09 - loss: 0.8663
 45000/307573 [===>..........................] 45000/307573 [===>..........................] - ETA: 6:08 - loss: 0.8704
 46000/307573 [===>..........................] 46000/307573 [===>..........................] - ETA: 6:07 - loss: 0.8629
 47000/307573 [===>..........................] 47000/307573 [===>..........................] - ETA: 6:05 - loss: 0.8590
 48000/307573 [===>..........................] 48000/307573 [===>..........................] - ETA: 6:04 - loss: 0.8586
 49000/307573 [===>..........................] 49000/307573 [===>..........................] - ETA: 6:02 - loss: 0.8586
 50000/307573 [===>..........................] 50000/307573 [===>..........................] - ETA: 6:01 - loss: 0.8537
 51000/307573 [===>..........................] 51000/307573 [===>..........................] - ETA: 6:00 - loss: 0.8529
 52000/307573 [====>.........................] 52000/307573 [====>.........................] - ETA: 5:58 - loss: 0.8471
 53000/307573 [====>.........................] 53000/307573 [====>.........................] - ETA: 5:57 - loss: 0.8492
 54000/307573 [====>.........................] 54000/307573 [====>.........................] - ETA: 5:56 - loss: 0.8493
 55000/307573 [====>.........................] 55000/307573 [====>.........................] - ETA: 5:54 - loss: 0.8483
 56000/307573 [====>.........................] 56000/307573 [====>.........................] - ETA: 5:53 - loss: 0.8465
 57000/307573 [====>.........................] 57000/307573 [====>.........................] - ETA: 5:52 - loss: 0.8449
 58000/307573 [====>.........................] 58000/307573 [====>.........................] - ETA: 5:50 - loss: 0.8454
 59000/307573 [====>.........................] 59000/307573 [====>.........................] - ETA: 5:49 - loss: 0.8413
 60000/307573 [====>.........................] 60000/307573 [====>.........................] - ETA: 5:48 - loss: 0.8387
 61000/307573 [====>.........................] 61000/307573 [====>.........................] - ETA: 5:46 - loss: 0.8329
 62000/307573 [=====>........................] 62000/307573 [=====>........................] - ETA: 5:45 - loss: 0.8306
 63000/307573 [=====>........................] 63000/307573 [=====>........................] - ETA: 5:43 - loss: 0.8309
 64000/307573 [=====>........................] 64000/307573 [=====>........................] - ETA: 5:42 - loss: 0.8269
 65000/307573 [=====>........................] 65000/307573 [=====>........................] - ETA: 5:41 - loss: 0.8228
 66000/307573 [=====>........................] 66000/307573 [=====>........................] - ETA: 5:40 - loss: 0.8176
 67000/307573 [=====>........................] 67000/307573 [=====>........................] - ETA: 5:38 - loss: 0.8165
 68000/307573 [=====>........................] 68000/307573 [=====>........................] - ETA: 5:37 - loss: 0.8120
 69000/307573 [=====>........................] 69000/307573 [=====>........................] - ETA: 5:36 - loss: 0.8081
 70000/307573 [=====>........................] 70000/307573 [=====>........................] - ETA: 5:34 - loss: 0.8042
 71000/307573 [=====>........................] 71000/307573 [=====>........................] - ETA: 5:32 - loss: 0.8003
 72000/307573 [======>.......................] 72000/307573 [======>.......................] - ETA: 5:31 - loss: 0.7961
 73000/307573 [======>.......................] 73000/307573 [======>.......................] - ETA: 5:30 - loss: 0.7932
 74000/307573 [======>.......................] 74000/307573 [======>.......................] - ETA: 5:28 - loss: 0.7911
 75000/307573 [======>.......................] 75000/307573 [======>.......................] - ETA: 5:27 - loss: 0.7842
 76000/307573 [======>.......................] 76000/307573 [======>.......................] - ETA: 5:26 - loss: 0.7833
 77000/307573 [======>.......................] 77000/307573 [======>.......................] - ETA: 5:24 - loss: 0.7835
 78000/307573 [======>.......................] 78000/307573 [======>.......................] - ETA: 5:22 - loss: 0.7817
 79000/307573 [======>.......................] 79000/307573 [======>.......................] - ETA: 7:24 - loss: 0.7782
 80000/307573 [======>.......................] 80000/307573 [======>.......................] - ETA: 8:39 - loss: 0.7752
 81000/307573 [======>.......................] 81000/307573 [======>.......................] - ETA: 11:06 - loss: 0.7733
 82000/307573 [======>.......................] 82000/307573 [======>.......................] - ETA: 11:42 - loss: 0.7699
 83000/307573 [=======>......................] 83000/307573 [=======>......................] - ETA: 13:52 - loss: 0.7668
 84000/307573 [=======>......................] 84000/307573 [=======>......................] - ETA: 14:33 - loss: 0.7642
 85000/307573 [=======>......................] 85000/307573 [=======>......................] - ETA: 16:20 - loss: 0.7602
 86000/307573 [=======>......................] 86000/307573 [=======>......................] - ETA: 17:12 - loss: 0.7567
 87000/307573 [=======>......................] 87000/307573 [=======>......................] - ETA: 19:21 - loss: 0.7565
 88000/307573 [=======>......................] 88000/307573 [=======>......................] - ETA: 19:42 - loss: 0.7563
 89000/307573 [=======>......................] 89000/307573 [=======>......................] - ETA: 21:52 - loss: 0.7541
 90000/307573 [=======>......................] 90000/307573 [=======>......................] - ETA: 22:07 - loss: 0.7534
 91000/307573 [=======>......................] 91000/307573 [=======>......................] - ETA: 24:35 - loss: 0.7516
 92000/307573 [=======>......................] 92000/307573 [=======>......................] - ETA: 26:28 - loss: 0.7475
 93000/307573 [========>.....................] 93000/307573 [========>.....................] - ETA: 28:35 - loss: 0.7438
 94000/307573 [========>.....................] 94000/307573 [========>.....................] - ETA: 29:42 - loss: 0.7419
 95000/307573 [========>.....................] 95000/307573 [========>.....................] - ETA: 31:20 - loss: 0.7413
 96000/307573 [========>.....................] 96000/307573 [========>.....................] - ETA: 32:59 - loss: 0.7407
 97000/307573 [========>.....................] 97000/307573 [========>.....................] - ETA: 33:02 - loss: 0.7378
 98000/307573 [========>.....................] 98000/307573 [========>.....................] - ETA: 34:44 - loss: 0.7363
 99000/307573 [========>.....................] 99000/307573 [========>.....................] - ETA: 35:00 - loss: 0.7337
100000/307573 [========>.....................]100000/307573 [========>.....................] - ETA: 36:55 - loss: 0.7328
101000/307573 [========>.....................]101000/307573 [========>.....................] - ETA: 36:51 - loss: 0.7288
102000/307573 [========>.....................]102000/307573 [========>.....................] - ETA: 38:18 - loss: 0.7243
103000/307573 [=========>....................]103000/307573 [=========>....................] - ETA: 38:27 - loss: 0.7213
104000/307573 [=========>....................]104000/307573 [=========>....................] - ETA: 39:34 - loss: 0.7203
105000/307573 [=========>....................]105000/307573 [=========>....................] - ETA: 39:57 - loss: 0.7162
106000/307573 [=========>....................]106000/307573 [=========>....................] - ETA: 40:45 - loss: 0.7147
107000/307573 [=========>....................]107000/307573 [=========>....................] - ETA: 41:23 - loss: 0.7139
108000/307573 [=========>....................]108000/307573 [=========>....................] - ETA: 42:10 - loss: 0.7110
109000/307573 [=========>....................]109000/307573 [=========>....................] - ETA: 43:08 - loss: 0.7087
110000/307573 [=========>....................]110000/307573 [=========>....................] - ETA: 43:12 - loss: 0.7061
111000/307573 [=========>....................]111000/307573 [=========>....................] - ETA: 44:24 - loss: 0.7036
112000/307573 [=========>....................]112000/307573 [=========>....................] - ETA: 44:10 - loss: 0.7017
113000/307573 [==========>...................]113000/307573 [==========>...................] - ETA: 45:16 - loss: 0.7004
114000/307573 [==========>...................]114000/307573 [==========>...................] - ETA: 45:30 - loss: 0.6988
115000/307573 [==========>...................]115000/307573 [==========>...................] - ETA: 46:04 - loss: 0.6971
116000/307573 [==========>...................]116000/307573 [==========>...................] - ETA: 46:25 - loss: 0.6944
117000/307573 [==========>...................]117000/307573 [==========>...................] - ETA: 46:54 - loss: 0.6929
118000/307573 [==========>...................]118000/307573 [==========>...................] - ETA: 47:13 - loss: 0.6914
119000/307573 [==========>...................]119000/307573 [==========>...................] - ETA: 47:31 - loss: 0.6889
120000/307573 [==========>...................]120000/307573 [==========>...................] - ETA: 47:47 - loss: 0.6899
121000/307573 [==========>...................]121000/307573 [==========>...................] - ETA: 48:16 - loss: 0.6871
122000/307573 [==========>...................]122000/307573 [==========>...................] - ETA: 48:25 - loss: 0.6835
123000/307573 [==========>...................]123000/307573 [==========>...................] - ETA: 48:50 - loss: 0.6790
124000/307573 [===========>..................]124000/307573 [===========>..................] - ETA: 50:03 - loss: 0.6776
125000/307573 [===========>..................]125000/307573 [===========>..................] - ETA: 49:47 - loss: 0.6745
126000/307573 [===========>..................]126000/307573 [===========>..................] - ETA: 50:34 - loss: 0.6726
127000/307573 [===========>..................]127000/307573 [===========>..................] - ETA: 50:14 - loss: 0.6696
128000/307573 [===========>..................]128000/307573 [===========>..................] - ETA: 50:56 - loss: 0.6665
129000/307573 [===========>..................]129000/307573 [===========>..................] - ETA: 50:48 - loss: 0.6648
130000/307573 [===========>..................]130000/307573 [===========>..................] - ETA: 51:15 - loss: 0.6640
131000/307573 [===========>..................]131000/307573 [===========>..................] - ETA: 51:12 - loss: 0.6604
132000/307573 [===========>..................]132000/307573 [===========>..................] - ETA: 51:31 - loss: 0.6564
133000/307573 [===========>..................]133000/307573 [===========>..................] - ETA: 51:35 - loss: 0.6540
134000/307573 [============>.................]134000/307573 [============>.................] - ETA: 51:54 - loss: 0.6513
135000/307573 [============>.................]135000/307573 [============>.................] - ETA: 52:04 - loss: 0.6493
136000/307573 [============>.................]136000/307573 [============>.................] - ETA: 52:14 - loss: 0.6476
137000/307573 [============>.................]137000/307573 [============>.................] - ETA: 53:06 - loss: 0.6448
138000/307573 [============>.................]138000/307573 [============>.................] - ETA: 53:46 - loss: 0.6417
139000/307573 [============>.................]139000/307573 [============>.................] - ETA: 53:59 - loss: 0.6386
140000/307573 [============>.................]140000/307573 [============>.................] - ETA: 53:58 - loss: 0.6347
141000/307573 [============>.................]141000/307573 [============>.................] - ETA: 54:16 - loss: 0.6334
142000/307573 [============>.................]142000/307573 [============>.................] - ETA: 53:59 - loss: 0.6308
143000/307573 [============>.................]143000/307573 [============>.................] - ETA: 54:25 - loss: 0.6276
144000/307573 [=============>................]144000/307573 [=============>................] - ETA: 53:58 - loss: 0.6266
145000/307573 [=============>................]145000/307573 [=============>................] - ETA: 54:24 - loss: 0.6243
146000/307573 [=============>................]146000/307573 [=============>................] - ETA: 53:56 - loss: 0.6229
147000/307573 [=============>................]147000/307573 [=============>................] - ETA: 54:21 - loss: 0.6221
148000/307573 [=============>................]148000/307573 [=============>................] - ETA: 53:54 - loss: 0.6189
149000/307573 [=============>................]149000/307573 [=============>................] - ETA: 54:14 - loss: 0.6180
150000/307573 [=============>................]150000/307573 [=============>................] - ETA: 53:50 - loss: 0.6163
151000/307573 [=============>................]151000/307573 [=============>................] - ETA: 54:05 - loss: 0.6138
152000/307573 [=============>................]152000/307573 [=============>................] - ETA: 53:36 - loss: 0.6101
153000/307573 [=============>................]153000/307573 [=============>................] - ETA: 53:56 - loss: 0.6072
154000/307573 [==============>...............]154000/307573 [==============>...............] - ETA: 53:30 - loss: 0.6058
155000/307573 [==============>...............]155000/307573 [==============>...............] - ETA: 53:45 - loss: 0.6031
156000/307573 [==============>...............]156000/307573 [==============>...............] - ETA: 53:31 - loss: 0.6019
157000/307573 [==============>...............]157000/307573 [==============>...............] - ETA: 53:32 - loss: 0.6007
158000/307573 [==============>...............]158000/307573 [==============>...............] - ETA: 53:25 - loss: 0.5986
159000/307573 [==============>...............]159000/307573 [==============>...............] - ETA: 53:22 - loss: 0.5973
160000/307573 [==============>...............]160000/307573 [==============>...............] - ETA: 53:15 - loss: 0.5940
161000/307573 [==============>...............]161000/307573 [==============>...............] - ETA: 53:07 - loss: 0.5910
162000/307573 [==============>...............]162000/307573 [==============>...............] - ETA: 53:02 - loss: 0.5876
163000/307573 [==============>...............]163000/307573 [==============>...............] - ETA: 52:54 - loss: 0.5854
164000/307573 [==============>...............]164000/307573 [==============>...............] - ETA: 52:44 - loss: 0.5838